[preview.colorlib.com/theme/covid/index.html]
[backblue.gif]
[fade.gif]
[index.html]
[preview.colorlib.com/theme/covid/fonts/icomoon/style.css]
[preview.colorlib.com/theme/covid/css/bootstrap.min.css]
[preview.colorlib.com/theme/covid/css/jquery-ui.css]
[preview.colorlib.com/theme/covid/css/owl.carousel.min.css]
[preview.colorlib.com/theme/covid/css/owl.theme.default.min.css]
[preview.colorlib.com/theme/covid/css/jquery.fancybox.min.css]
[preview.colorlib.com/theme/covid/css/bootstrap-datepicker.css]
[preview.colorlib.com/theme/covid/fonts/flaticon/font/flaticon.css]
[preview.colorlib.com/theme/covid/fonts/flaticon-covid/font/flaticon.css]
[preview.colorlib.com/theme/covid/css/aos.css]
[preview.colorlib.com/theme/covid/css/style.css]
[preview.colorlib.com/theme/covid/prevention.html]
[preview.colorlib.com/theme/covid/symptoms.html]
[preview.colorlib.com/theme/covid/about.html]
[preview.colorlib.com/theme/covid/blog.html]
[preview.colorlib.com/theme/covid/Survey.html]
[preview.colorlib.com/theme/covid/images/illustration.png]
[preview.colorlib.com/theme/covid/images/hero_1.jpg]
[preview.colorlib.com/theme/covid/images/protect.png]
[preview.colorlib.com/theme/covid/images/symptom_high-fever.png]
[preview.colorlib.com/theme/covid/images/symptom_cough.png]
[preview.colorlib.com/theme/covid/images/symptom_sore-troath.png]
[preview.colorlib.com/theme/covid/images/symptom_headache.png]
[preview.colorlib.com/theme/covid/images/hero_2.jpg]
[preview.colorlib.com/theme/covid/js/jquery-3.3.1.min.js]
[preview.colorlib.com/theme/covid/js/jquery-ui.js]
[preview.colorlib.com/theme/covid/js/popper.min.js]
[preview.colorlib.com/theme/covid/js/bootstrap.min.js]
[preview.colorlib.com/theme/covid/js/owl.carousel.min.js]
[preview.colorlib.com/theme/covid/js/jquery.countdown.min.js]
[preview.colorlib.com/theme/covid/js/jquery.easing.1.3.js]
[preview.colorlib.com/theme/covid/js/aos.js]
[preview.colorlib.com/theme/covid/js/jquery.fancybox.min.js]
[preview.colorlib.com/theme/covid/js/jquery.sticky.js]
[preview.colorlib.com/theme/covid/js/isotope.pkgd.min.js]
[preview.colorlib.com/theme/covid/js/main.js]
[preview.colorlib.com/theme/covid/index.html]
[preview.colorlib.com/theme/covid/fonts/icomoon/fonts/icomoon1a44.eot]
[preview.colorlib.com/theme/covid/fonts/icomoon/fonts/icomoon1a44.ttf]
[preview.colorlib.com/theme/covid/fonts/icomoon/fonts/icomoon1a44.woff]
[preview.colorlib.com/theme/covid/fonts/icomoon/style.css]
[preview.colorlib.com/theme/covid/css/bootstrap.min.css]
[preview.colorlib.com/theme/covid/css/images/ui-bg_gloss-wave_55_5c9ccc_500x100.png]
[preview.colorlib.com/theme/covid/css/images/ui-bg_glass_85_dfeffc_1x400.png]
[preview.colorlib.com/theme/covid/css/images/ui-bg_glass_75_d0e5f5_1x400.png]
[preview.colorlib.com/theme/covid/fonts/icomoon/fonts/icomoon1a44.svg]
[preview.colorlib.com/theme/covid/css/images/ui-bg_inset-hard_100_f5f8f9_1x100.png]
[preview.colorlib.com/theme/covid/css/jquery-ui.css]
[preview.colorlib.com/theme/covid/css/owl.video.play.png]
[preview.colorlib.com/theme/covid/css/owl.carousel.min.css]
[preview.colorlib.com/theme/covid/css/owl.theme.default.min.css]
[preview.colorlib.com/theme/covid/css/jquery.fancybox.min.css]
[preview.colorlib.com/theme/covid/css/bootstrap-datepicker.css]
[preview.colorlib.com/theme/covid/fonts/flaticon/font/Flaticon.eot]
[preview.colorlib.com/theme/covid/fonts/flaticon/font/Flaticond41d.eot]
[preview.colorlib.com/theme/covid/fonts/flaticon/font/Flaticon.woff2]
[preview.colorlib.com/theme/covid/fonts/flaticon/font/Flaticon.woff]
[preview.colorlib.com/theme/covid/fonts/flaticon/font/Flaticon.ttf]
[preview.colorlib.com/theme/covid/fonts/flaticon/font/flaticon.css]
[preview.colorlib.com/theme/covid/fonts/flaticon/font/Flaticon.svg]
[preview.colorlib.com/theme/covid/fonts/flaticon-covid/font/Flaticon.eot]
[preview.colorlib.com/theme/covid/fonts/flaticon-covid/font/Flaticond41d.eot]
[preview.colorlib.com/theme/covid/fonts/flaticon-covid/font/Flaticon.woff2]
[preview.colorlib.com/theme/covid/fonts/flaticon-covid/font/Flaticon.woff]
[preview.colorlib.com/theme/covid/fonts/flaticon-covid/font/Flaticon.ttf]
[preview.colorlib.com/theme/covid/fonts/flaticon-covid/font/flaticon.css]
[preview.colorlib.com/theme/covid/css/aos.css]
[preview.colorlib.com/theme/covid/css/style.css]
[preview.colorlib.com/cdn-cgi/zaraz/sd0d9.js]
[preview.colorlib.com/theme/covid/prevention.html]
[preview.colorlib.com/theme/covid/fonts/flaticon-covid/font/Flaticon.svg]
[preview.colorlib.com/theme/covid/images/symptoms.png]
[preview.colorlib.com/theme/covid/symptoms.html]
[preview.colorlib.com/theme/covid/images/person_1.jpg]
[preview.colorlib.com/theme/covid/images/person_2.jpg]
[preview.colorlib.com/theme/covid/images/person_3.jpg]
[preview.colorlib.com/theme/covid/about.html]
[preview.colorlib.com/theme/covid/blog.html]
[preview.colorlib.com/theme/covid/Survey.html]
[preview.colorlib.com/cdn-cgi/scripts/5c5dd728/cloudflare-static/email-decode.min.js]
[preview.colorlib.com/theme/covid/fonts/icomoon/fonts/icomoon1a44.svg]
[preview.colorlib.com/theme/covid/css/images/ui-bg_gloss-wave_55_5c9ccc_500x100.html]
[preview.colorlib.com/theme/covid/css/images/ui-bg_glass_85_dfeffc_1x400.html]
[preview.colorlib.com/theme/covid/css/images/ui-bg_glass_75_d0e5f5_1x400.html]
[preview.colorlib.com/theme/covid/css/images/ui-bg_inset-hard_100_f5f8f9_1x100.html]
[preview.colorlib.com/theme/covid/css/owl.video.play.html]
[preview.colorlib.com/theme/covid/fonts/flaticon/font/Flaticon.svg]
[preview.colorlib.com/theme/covid/fonts/flaticon-covid/font/Flaticon.svg]
